[01:44:47] [main/INFO] (FabricLoader) Loading for game Minecraft 1.16.2
[01:44:48] [main/INFO] (Fabric|Loader) [FabricLoader] Loading 40 mods: minecraft@1.16.2, fabric-screen-handler-api-v1@1.1.0+872498414e, fabric-renderer-api-v1@0.2.13+eae12eb84e, fabric-networking-blockentity-v0@0.2.5+b50ffc7b4e, fabric-keybindings-v0@0.2.0+3fa9f7c54e, fabric-command-api-v1@1.0.8+5ce533984e, fabricloader@0.9.1+build.205, nopg@1.16.2_1, fabric-tool-attribute-api-v1@1.2.1+02fb8fda4e, fabric-renderer-indigo@0.3.4+5d32f5834e, fabric-containers-v0@0.1.8+045df74f4e, fabric-object-builder-api-v1@1.6.0+e81ec80b4e, fabric-item-api-v1@1.0.0+16acbe5b4e, fabric-events-interaction-v0@0.3.3+7066030f4e, fabric-crash-report-info-v1@0.1.2+b7f9825d4e, fabric-game-rule-api-v1@1.0.1+91555cd14e, fabric-api-base@0.1.3+12a8474c4e, fabric-rendering-v0@1.1.0+534104904e, fabric-key-binding-api-v1@1.0.1+730711c64e, fabric-rendering-v1@1.2.0+fc24ff244e, fabric-rendering-data-attachment-v1@0.1.3+b7f9825d4e, fabric-resource-loader-v0@0.2.9+e5d3217f4e, fabric-textures-v0@1.0.4+eae12eb84e, fabric-content-registries-v0@0.1.9+059ea8664e, fabric-tag-extensions-v0@1.0.3+ac8e8c594e, fabric-rendering-fluids-v1@0.1.10+e5d3217f4e, fabric-registry-sync-v0@0.4.3+e5d3217f4e, fabric-commands-v0@0.2.0+52d308364e, fabric-blockrenderlayer-v1@1.1.4+c6a8ea894e, fabric-lifecycle-events-v1@1.2.0+74cc3b204e, fabric-mining-levels-v0@0.1.2+b764ce994e, fabric-renderer-registries-v1@2.1.0+e2862de64e, fabric-events-lifecycle-v0@0.2.0+16acbe5b4e, fabric-loot-tables-v1@1.0.0+fac8f3664e, fabric@0.18.0+build.397-1.16, fabric-particles-v1@0.2.1+0a6f2a704e, fabric-models-v0@0.1.0+dfdb52d64e, fabric-item-groups-v0@0.2.0+438f96364e, fabric-networking-v0@0.1.10+e00ecb5f4e, fabric-object-builders-v0@0.6.1+ba4afa574e
[01:44:48] [main/WARN] (Fabric|Loader) Mod `nopg` (1.16.2_1) does not respect SemVer - comparison support is limited.
[01:44:49] [main/INFO] (mixin) SpongePowered MIXIN Subsystem Version=0.8.1 Source=file:/C:/Users/Hyperbook/.gradle/caches/modules-2/files-2.1/net.fabricmc/sponge-mixin/0.8.1+build.21/94da90bdbee9f95bf6d6c41ca87943419a0b5624/sponge-mixin-0.8.1+build.21.jar Service=Knot/Fabric Env=CLIENT
[01:44:49] [main/INFO] (Fabric|MixinBootstrap) Loaded Fabric development mappings for mixin remapper!
[01:44:49] [main/INFO] (mixin) Remapping refMap fabric-networking-v0-refmap.json using remapper chain
[01:44:49] [main/INFO] (mixin) Remapping refMap fabric-networking-blockentity-v0-refmap.json using remapper chain
[01:44:49] [main/INFO] (mixin) Remapping refMap fabric-screen-handler-api-v1-refmap.json using remapper chain
[01:44:49] [main/INFO] (mixin) Remapping refMap fabric-lifecycle-events-v1-refmap.json using remapper chain
[01:44:49] [main/INFO] (mixin) Remapping refMap fabric-containers-v0-refmap.json using remapper chain
[01:44:49] [main/INFO] (mixin) Remapping refMap fabric-renderer-indigo-refmap.json using remapper chain
[01:44:49] [main/INFO] (mixin) Remapping refMap fabric-rendering-data-attachment-v1-refmap.json using remapper chain
[01:44:49] [main/INFO] (mixin) Remapping refMap fabric-item-api-v1-refmap.json using remapper chain
[01:44:49] [main/INFO] (mixin) Remapping refMap fabric-events-interaction-v0-refmap.json using remapper chain
[01:44:49] [main/INFO] (mixin) Remapping refMap fabric-loot-tables-v1-refmap.json using remapper chain
[01:44:49] [main/INFO] (mixin) Remapping refMap fabric-object-builder-api-v1-refmap.json using remapper chain
[01:44:49] [main/INFO] (mixin) Remapping refMap fabric-renderer-registries-v1-refmap.json using remapper chain
[01:44:49] [main/INFO] (mixin) Remapping refMap fabric-textures-v0-refmap.json using remapper chain
[01:44:49] [main/INFO] (mixin) Remapping refMap fabric-registry-sync-v0-refmap.json using remapper chain
[01:44:49] [main/INFO] (mixin) Remapping refMap fabric-models-v0-refmap.json using remapper chain
[01:44:49] [main/INFO] (mixin) Remapping refMap fabric-blockrenderlayer-v1-refmap.json using remapper chain
[01:44:49] [main/INFO] (mixin) Remapping refMap fabric-renderer-api-v1-refmap.json using remapper chain
[01:44:50] [main/INFO] (mixin) Remapping refMap fabric-containers-v0-refmap.json using remapper chain
[01:44:50] [main/INFO] (mixin) Remapping refMap fabric-rendering-fluids-v1-refmap.json using remapper chain
[01:44:50] [main/INFO] (mixin) Remapping refMap fabric-resource-loader-v0-refmap.json using remapper chain
[01:44:50] [main/INFO] (mixin) Remapping refMap fabric-game-rule-api-v1-refmap.json using remapper chain
[01:44:50] [main/INFO] (mixin) Remapping refMap fabric-particles-v1-refmap.json using remapper chain
[01:44:50] [main/INFO] (mixin) Remapping refMap fabric-object-builders-refmap.json using remapper chain
[01:44:50] [main/INFO] (mixin) Remapping refMap fabric-tag-extensions-v0-refmap.json using remapper chain
[01:44:50] [main/INFO] (mixin) Remapping refMap fabric-tool-attribute-api-v1-refmap.json using remapper chain
[01:44:50] [main/INFO] (mixin) Remapping refMap fabric-rendering-v1-refmap.json using remapper chain
[01:44:50] [main/INFO] (mixin) Remapping refMap fabric-item-groups-v0-refmap.json using remapper chain
[01:44:50] [main/INFO] (mixin) Remapping refMap fabric-content-registries-v0-refmap.json using remapper chain
[01:44:50] [main/INFO] (mixin) Remapping refMap fabric-command-api-v1-refmap.json using remapper chain
[01:44:50] [main/INFO] (mixin) Remapping refMap fabric-crash-report-info-v1-refmap.json using remapper chain
[01:44:50] [main/INFO] (mixin) Remapping refMap fabric-key-binding-api-v1-refmap.json using remapper chain
[01:44:50] [main/INFO] (mixin) Remapping refMap fabric-renderer-api-v1-refmap.json using remapper chain
[01:44:50] [main/WARN] (mixin) @Mixin target net/minecraft/server/world/ThreadedAnvilChunkStorage$EntityTracker is public in fabric-networking-v0.mixins.json:MixinEntityTracker and should be specified in value
[01:44:50] [main/WARN] (mixin) @Mixin target net/minecraft/client/render/block/BlockModelRenderer$AmbientOcclusionCalculator is public in fabric-renderer-indigo.mixins.json:MixinAmbientOcclusionCalculator and should be specified in value
[01:44:50] [main/WARN] (mixin) @Mixin target net/minecraft/client/render/chunk/ChunkBuilder$BuiltChunk$RebuildTask is public in fabric-renderer-indigo.mixins.json:MixinChunkRebuildTask and should be specified in value
[01:44:50] [main/WARN] (mixin) @Mixin target net/minecraft/server/command/GameRuleCommand$1 is public in fabric-game-rule-api-v1.mixins.json:GameRuleCommandVisitorMixin and should be specified in value
[01:44:50] [main/WARN] (mixin) @Mixin target net/minecraft/client/gui/screen/world/EditGameRulesScreen$RuleListWidget$1 is public in fabric-game-rule-api-v1.mixins.json:client.RuleListWidgetVisitorMixin and should be specified in value
[01:44:50] [main/WARN] (mixin) @Mixin target net/minecraft/client/particle/ParticleManager$SimpleSpriteProvider is public in fabric-particles-v1.mixins.json:ParticleManagerAccessor$SimpleSpriteProviderAccessor and should be specified in value
[01:44:50] [main/WARN] (mixin) @Mixin target net/minecraft/tag/Tag$1 is public in fabric-tag-extensions-v0.mixins.json:MixinTagImpl and should be specified in value
[01:44:50] [main/WARN] (mixin) @Mixin target net/minecraft/tag/RequiredTagList$TagWrapper is public in fabric-tag-extensions-v0.mixins.json:MixinTagImpl and should be specified in value
[01:45:00] [main/INFO] (Minecraft) Environment: authHost='https://authserver.mojang.com', accountsHost='https://api.mojang.com', sessionHost='https://sessionserver.mojang.com', name='PROD'
[01:45:00] [main/INFO] (Minecraft) Setting user: Player69
[01:45:01] [main/INFO] (Indigo) [Indigo] Registering Indigo renderer!
[01:45:01] [main/INFO] (Minecraft) Backend library: LWJGL version 3.2.2 build 10
[01:45:07] [main/INFO] (Minecraft) Narrator library for x64 successfully loaded
[01:45:07] [main/INFO] (Minecraft) Reloading ResourceManager: Default, Fabric Screen Handler API (v1), Fabric Renderer API (v1), Fabric Networking Block Entity (v0), Fabric Key Bindings (v0), Fabric Loader, nopglint, Fabric Tool Attribute API (v1), Fabric Renderer - Indigo, Fabric Containers (v0), Fabric Object Builder API (v1), Fabric Item API (v1), Fabric Events Interaction (v0), Fabric Crash Report Info (v1), Fabric Game Rule API (v1), Fabric API Base, Fabric Rendering (v0), Fabric Key Binding API (v1), Fabric Rendering (v1), Fabric Rendering Data Attachment (v1), Fabric Resource Loader (v0), Fabric Textures (v0), Fabric Content Registries (v0), Fabric Tag Extensions (v0), Fabric Rendering Fluids (v1), Fabric Registry Sync (v0), Fabric BlockRenderLayer Registration (v1), Fabric Lifecycle Events (v1), Fabric Mining Levels (v0), Fabric Renderer Registries (v1), Fabric Events Lifecycle (v0), Fabric Loot Tables (v1), Fabric API, Fabric Models (v0), Fabric Item Groups (v0), Fabric Networking (v0), Fabric Object Builders (v0)
[01:45:15] [Realms Notification Availability checker #1/INFO] (Minecraft) Could not authorize you against Realms server: Invalid session id
[01:45:19] [main/INFO] (Minecraft) OpenAL initialized.
[01:45:19] [main/INFO] (Minecraft) Sound engine started
[01:45:19] [main/INFO] (Minecraft) Created: 1024x1024x4 minecraft:textures/atlas/blocks.png-atlas
[01:45:20] [main/INFO] (Minecraft) Created: 256x128x4 minecraft:textures/atlas/signs.png-atlas
[01:45:20] [main/INFO] (Minecraft) Created: 1024x512x4 minecraft:textures/atlas/banner_patterns.png-atlas
[01:45:20] [main/INFO] (Minecraft) Created: 1024x512x4 minecraft:textures/atlas/shield_patterns.png-atlas
[01:45:20] [main/INFO] (Minecraft) Created: 256x256x4 minecraft:textures/atlas/chest.png-atlas
[01:45:20] [main/INFO] (Minecraft) Created: 512x256x4 minecraft:textures/atlas/beds.png-atlas
[01:45:20] [main/INFO] (Minecraft) Created: 512x256x4 minecraft:textures/atlas/shulker_boxes.png-atlas
[01:45:21] [main/INFO] (Minecraft) Created: 256x256x0 minecraft:textures/atlas/particles.png-atlas
[01:45:21] [main/INFO] (Minecraft) Created: 256x256x0 minecraft:textures/atlas/paintings.png-atlas
[01:45:21] [main/INFO] (Minecraft) Created: 256x128x0 minecraft:textures/atlas/mob_effects.png-atlas
[01:46:02] [main/WARN] (Minecraft) Ambiguity between arguments [teleport, destination] and [teleport, targets] with inputs: [Player, 0123, @e, dd12be42-52a9-4a91-a8a1-11c01849e498]
[01:46:02] [main/WARN] (Minecraft) Ambiguity between arguments [teleport, location] and [teleport, destination] with inputs: [0.1 -0.5 .9, 0 0 0]
[01:46:02] [main/WARN] (Minecraft) Ambiguity between arguments [teleport, location] and [teleport, targets] with inputs: [0.1 -0.5 .9, 0 0 0]
[01:46:02] [main/WARN] (Minecraft) Ambiguity between arguments [teleport, targets] and [teleport, destination] with inputs: [Player, 0123, dd12be42-52a9-4a91-a8a1-11c01849e498]
[01:46:02] [main/WARN] (Minecraft) Ambiguity between arguments [teleport, targets, location] and [teleport, targets, destination] with inputs: [0.1 -0.5 .9, 0 0 0]
[01:46:02] [main/INFO] (Minecraft) Reloading ResourceManager: Default, Fabric Screen Handler API (v1), Fabric Renderer API (v1), Fabric Networking Block Entity (v0), Fabric Key Bindings (v0), Fabric Loader, nopglint, Fabric Tool Attribute API (v1), Fabric Renderer - Indigo, Fabric Containers (v0), Fabric Object Builder API (v1), Fabric Item API (v1), Fabric Events Interaction (v0), Fabric Crash Report Info (v1), Fabric Game Rule API (v1), Fabric API Base, Fabric Rendering (v0), Fabric Key Binding API (v1), Fabric Rendering (v1), Fabric Rendering Data Attachment (v1), Fabric Resource Loader (v0), Fabric Textures (v0), Fabric Content Registries (v0), Fabric Tag Extensions (v0), Fabric Rendering Fluids (v1), Fabric Registry Sync (v0), Fabric BlockRenderLayer Registration (v1), Fabric Lifecycle Events (v1), Fabric Mining Levels (v0), Fabric Renderer Registries (v1), Fabric Events Lifecycle (v0), Fabric Loot Tables (v1), Fabric API, Fabric Models (v0), Fabric Item Groups (v0), Fabric Networking (v0), Fabric Object Builders (v0), Fabric Tool Attribute API (v1)
[01:46:04] [main/INFO] (Minecraft) Loaded 7 recipes
[01:46:04] [main/INFO] (Minecraft) Loaded 927 advancements
[01:46:06] [main/INFO] (Minecraft) Environment: authHost='https://authserver.mojang.com', accountsHost='https://api.mojang.com', sessionHost='https://sessionserver.mojang.com', name='PROD'
[01:46:06] [Server thread/INFO] (Minecraft) Starting integrated minecraft server version 1.16.2
[01:46:06] [Server thread/INFO] (Minecraft) Generating keypair
[01:46:06] [Server thread/INFO] (Minecraft) Preparing start region for dimension minecraft:overworld
[01:46:07] [main/INFO] (Minecraft) Preparing spawn area: 0%
[01:46:07] [main/INFO] (Minecraft) Preparing spawn area: 0%
[01:46:07] [main/INFO] (Minecraft) Preparing spawn area: 0%
[01:46:08] [main/INFO] (Minecraft) Preparing spawn area: 0%
[01:46:08] [main/INFO] (Minecraft) Preparing spawn area: 5%
[01:46:09] [main/INFO] (Minecraft) Time elapsed: 2669 ms
[01:46:09] [Server thread/INFO] (Minecraft) Changing view distance to 11, from 10
[01:46:14] [Server thread/INFO] (Minecraft) Player69[local:E:dd795f04] logged in with entity id 207 at (157.90733700918292, 80.0, 150.41199186914403)
[01:46:14] [Server thread/INFO] (Minecraft) Player69 joined the game
[01:46:20] [Server thread/INFO] (Minecraft) Saving and pausing game...
[01:46:20] [Server thread/INFO] (Minecraft) Saving chunks for level 'ServerLevel[New World]'/minecraft:overworld
[01:46:21] [main/INFO] (Minecraft) Loaded 0 advancements
[01:46:22] [Server thread/INFO] (Minecraft) Saving chunks for level 'ServerLevel[New World]'/minecraft:the_nether
[01:46:22] [Server thread/INFO] (Minecraft) Saving chunks for level 'ServerLevel[New World]'/minecraft:the_end
[01:46:22] [Server thread/WARN] (Minecraft) Can't keep up! Is the server overloaded? Running 2473ms or 49 ticks behind
[01:47:20] [Server thread/INFO] (Minecraft) Saving and pausing game...
[01:47:20] [Server thread/INFO] (Minecraft) Saving chunks for level 'ServerLevel[New World]'/minecraft:overworld
[01:47:20] [Server thread/INFO] (Minecraft) Saving chunks for level 'ServerLevel[New World]'/minecraft:the_nether
[01:47:20] [Server thread/INFO] (Minecraft) Saving chunks for level 'ServerLevel[New World]'/minecraft:the_end
[01:48:00] [main/INFO] (Minecraft) Stopping!
[01:48:00] [Server thread/INFO] (Minecraft) Player69 lost connection: Disconnected
[01:48:00] [Server thread/INFO] (Minecraft) Player69 left the game
[01:48:00] [Server thread/INFO] (Minecraft) Stopping singleplayer server as player logged out
[01:48:00] [Server thread/INFO] (Minecraft) Stopping server
[01:48:00] [Server thread/INFO] (Minecraft) Saving players
[01:48:00] [Server thread/INFO] (Minecraft) Saving worlds
[01:48:00] [Server thread/INFO] (Minecraft) Saving chunks for level 'ServerLevel[New World]'/minecraft:overworld
[01:48:01] [Server thread/INFO] (Minecraft) ThreadedAnvilChunkStorage (New World): All chunks are saved
[01:48:01] [Server thread/INFO] (Minecraft) Saving chunks for level 'ServerLevel[New World]'/minecraft:the_nether
[01:48:01] [Server thread/INFO] (Minecraft) ThreadedAnvilChunkStorage (DIM-1): All chunks are saved
[01:48:01] [Server thread/INFO] (Minecraft) Saving chunks for level 'ServerLevel[New World]'/minecraft:the_end
[01:48:01] [Server thread/INFO] (Minecraft) ThreadedAnvilChunkStorage (DIM1): All chunks are saved
[01:48:01] [Server thread/INFO] (Minecraft) ThreadedAnvilChunkStorage (New World): All chunks are saved
[01:48:01] [Server thread/INFO] (Minecraft) ThreadedAnvilChunkStorage (DIM-1): All chunks are saved
[01:48:01] [Server thread/INFO] (Minecraft) ThreadedAnvilChunkStorage (DIM1): All chunks are saved
